<?xml version="1.0" encoding="UTF-8"?>
<!-- Generated by org.testng.reporters.JUnitReportReporter -->
<testsuite hostname="DESKTOP-IUQKNDU" name="com.FreeCRM.testcases.HomePageTest" tests="4" failures="0" timestamp="4 Sep 2018 15:14:11 GMT" time="133.388" errors="0">
  <testcase name="validateUserNameLabelTest" time="32.078" classname="com.FreeCRM.testcases.HomePageTest"/>
  <testcase name="VerifyHomePageTitleTest" time="37.527" classname="com.FreeCRM.testcases.HomePageTest"/>
  <testcase name="VerifyDealsLinkTest" time="30.044" classname="com.FreeCRM.testcases.HomePageTest"/>
  <testcase name="VerifyContactLinkTest" time="33.739" classname="com.FreeCRM.testcases.HomePageTest"/>
</testsuite> <!-- com.FreeCRM.testcases.HomePageTest -->
