<?xml version="1.0" encoding="UTF-8"?>
<!-- Generated by org.testng.reporters.JUnitReportReporter -->
<testsuite hostname="DESKTOP-IUQKNDU" name="com.FreeCRM.testcases.ContactsPageTest" tests="3" failures="0" timestamp="30 Aug 2018 18:16:48 GMT" time="177.817" errors="0">
  <testcase name="createNewContactTest" time="55.704" classname="com.FreeCRM.testcases.ContactsPageTest"/>
  <testcase name="createNewContactTest" time="58.418" classname="com.FreeCRM.testcases.ContactsPageTest"/>
  <testcase name="createNewContactTest" time="63.695" classname="com.FreeCRM.testcases.ContactsPageTest"/>
</testsuite> <!-- com.FreeCRM.testcases.ContactsPageTest -->
